<?xml version="1.0" encoding="UTF-8"?>
<!-- Generated by org.testng.reporters.JUnitReportReporter -->
<testsuite ignored="0" hostname="Monojs-MacBook-Air.local" failures="0" tests="1" name="test.HomePageTest" time="2.938" errors="0" timestamp="22 Oct 2023 04:08:53 GMT" skipped="0">
  <testcase classname="test.HomePageTest" name="homepagetest" time="2.938"/>
</testsuite> <!-- test.HomePageTest -->
