<?xml version="1.0" encoding="UTF-8"?>
<!-- Generated by org.testng.reporters.JUnitReportReporter -->
<testsuite ignored="0" hostname="Monojs-MacBook-Air.local" failures="0" tests="1" name="test.InventoryPageTest" time="4.144" errors="0" timestamp="22 Oct 2023 05:00:49 GMT" skipped="0">
  <testcase classname="test.InventoryPageTest" name="inventorypagetest" time="4.144"/>
</testsuite> <!-- test.InventoryPageTest -->
