<?xml version="1.0" encoding="UTF-8"?>
<!-- Generated by org.testng.reporters.JUnitReportReporter -->
<testsuite ignored="0" hostname="Monojs-MacBook-Air.local" failures="0" tests="1" name="test.CartPageTest" time="4.062" errors="0" timestamp="22 Oct 2023 05:53:48 GMT" skipped="0">
  <testcase classname="test.CartPageTest" name="cartpagetest" time="4.062"/>
</testsuite> <!-- test.CartPageTest -->
